<?xml version="1.0" encoding="UTF-8"?>
<testsuite name="pe.edu.utp.marshellse_keys_store.MarshellseKeysStoreApplicationTests" tests="1" skipped="0" failures="0" errors="0" timestamp="2026-09-08T00:45:23.020Z" hostname="codespaces-8de1f0" time="6.674">
  <properties/>
  <testcase name="contextLoads()" classname="pe.edu.utp.marshellse_keys_store.MarshellseKeysStoreApplicationTests" time="0.719"/>
  <system-out><![CDATA[00:45:23.275 [Test worker] INFO org.springframework.test.context.support.AnnotationConfigContextLoaderUtils -- Could not detect default configuration classes for test class [pe.edu.utp.marshellse_keys_store.MarshellseKeysStoreApplicationTests]: MarshellseKeysStoreApplicationTests does not declare any static, non-private, non-final, nested classes annotated with @Configuration.
00:45:23.394 [Test worker] INFO org.springframework.boot.test.context.SpringBootTestContextBootstrapper -- Found @SpringBootConfiguration pe.edu.utp.marshellse_keys_store.MarshellseKeysStoreApplication for test class pe.edu.utp.marshellse_keys_store.MarshellseKeysStoreApplicationTests

  .   ____          _            __ _ _
 /\\ / ___'_ __ _ _(_)_ __  __ _ \ \ \ \
( ( )\___ | '_ | '_| | '_ \/ _` | \ \ \ \
 \\/  ___)| |_)| | | | | || (_| |  ) ) ) )
  '  |____| .__|_| |_|_| |_\__, | / / / /
 =========|_|==============|___/=/_/_/_/

 :: Spring Boot ::                (v3.3.3)

2026-09-08T00:45:23.886Z  INFO 18654 --- [marshellse-keys-store] [    Test worker] .u.m.MarshellseKeysStoreApplicationTests : Starting MarshellseKeysStoreApplicationTests using Java 17.0.20 with PID 18654 (started by codespace in /workspaces/marshellse-keys-store)
2026-09-08T00:45:23.890Z  INFO 18654 --- [marshellse-keys-store] [    Test worker] .u.m.MarshellseKeysStoreApplicationTests : No active profile set, falling back to 1 default profile: "default"
2026-09-08T00:45:24.909Z  INFO 18654 --- [marshellse-keys-store] [    Test worker] .s.d.r.c.RepositoryConfigurationDelegate : Bootstrapping Spring Data JPA repositories in DEFAULT mode.
2026-09-08T00:45:24.967Z  INFO 18654 --- [marshellse-keys-store] [    Test worker] .s.d.r.c.RepositoryConfigurationDelegate : Finished Spring Data repository scanning in 50 ms. Found 4 JPA repository interfaces.
2026-09-08T00:45:25.599Z  INFO 18654 --- [marshellse-keys-store] [    Test worker] o.hibernate.jpa.internal.util.LogHelper  : HHH000204: Processing PersistenceUnitInfo [name: default]
2026-09-08T00:45:25.661Z  INFO 18654 --- [marshellse-keys-store] [    Test worker] org.hibernate.Version                    : HHH000412: Hibernate ORM core version 6.5.2.Final
2026-09-08T00:45:25.693Z  INFO 18654 --- [marshellse-keys-store] [    Test worker] o.h.c.internal.RegionFactoryInitiator    : HHH000026: Second-level cache disabled
2026-09-08T00:45:26.086Z  INFO 18654 --- [marshellse-keys-store] [    Test worker] o.s.o.j.p.SpringPersistenceUnitInfo      : No LoadTimeWeaver setup: ignoring JPA class transformer
2026-09-08T00:45:26.122Z  INFO 18654 --- [marshellse-keys-store] [    Test worker] com.zaxxer.hikari.HikariDataSource       : HikariPool-1 - Starting...
2026-09-08T00:45:26.351Z  INFO 18654 --- [marshellse-keys-store] [    Test worker] com.zaxxer.hikari.pool.HikariPool        : HikariPool-1 - Added connection conn0: url=jdbc:h2:mem:keystore_db user=SA
2026-09-08T00:45:26.357Z  INFO 18654 --- [marshellse-keys-store] [    Test worker] com.zaxxer.hikari.HikariDataSource       : HikariPool-1 - Start completed.
2026-09-08T00:45:26.433Z  WARN 18654 --- [marshellse-keys-store] [    Test worker] org.hibernate.orm.deprecation            : HHH90000025: H2Dialect does not need to be specified explicitly using 'hibernate.dialect' (remove the property setting and it will be selected by default)
2026-09-08T00:45:27.600Z  INFO 18654 --- [marshellse-keys-store] [    Test worker] o.h.e.t.j.p.i.JtaPlatformInitiator       : HHH000489: No JTA platform available (set 'hibernate.transaction.jta.platform' to enable JTA platform integration)
2026-09-08T00:45:27.668Z  INFO 18654 --- [marshellse-keys-store] [    Test worker] j.LocalContainerEntityManagerFactoryBean : Initialized JPA EntityManagerFactory for persistence unit 'default'
2026-09-08T00:45:28.462Z  WARN 18654 --- [marshellse-keys-store] [    Test worker] JpaBaseConfiguration$JpaWebConfiguration : spring.jpa.open-in-view is enabled by default. Therefore, database queries may be performed during view rendering. Explicitly configure spring.jpa.open-in-view to disable this warning
2026-09-08T00:45:28.960Z  INFO 18654 --- [marshellse-keys-store] [    Test worker] .u.m.MarshellseKeysStoreApplicationTests : Started MarshellseKeysStoreApplicationTests in 5.371 seconds (process running for 6.951)
]]></system-out>
  <system-err><![CDATA[]]></system-err>
</testsuite>
