<?xml version="1.0" encoding="UTF-8"?>
<testsuite name="pe.edu.utp.marshellse_keys_store.MarshellseKeysStoreApplicationTests" tests="1" skipped="0" failures="0" errors="0" timestamp="2026-09-08T19:38:57.478Z" hostname="codespaces-873abe" time="7.097">
  <properties/>
  <testcase name="contextLoads()" classname="pe.edu.utp.marshellse_keys_store.MarshellseKeysStoreApplicationTests" time="0.631"/>
  <system-out><![CDATA[19:38:57.737 [Test worker] INFO org.springframework.test.context.support.AnnotationConfigContextLoaderUtils -- Could not detect default configuration classes for test class [pe.edu.utp.marshellse_keys_store.MarshellseKeysStoreApplicationTests]: MarshellseKeysStoreApplicationTests does not declare any static, non-private, non-final, nested classes annotated with @Configuration.
19:38:57.899 [Test worker] INFO org.springframework.boot.test.context.SpringBootTestContextBootstrapper -- Found @SpringBootConfiguration pe.edu.utp.marshellse_keys_store.MarshellseKeysStoreApplication for test class pe.edu.utp.marshellse_keys_store.MarshellseKeysStoreApplicationTests

  .   ____          _            __ _ _
 /\\ / ___'_ __ _ _(_)_ __  __ _ \ \ \ \
( ( )\___ | '_ | '_| | '_ \/ _` | \ \ \ \
 \\/  ___)| |_)| | | | | || (_| |  ) ) ) )
  '  |____| .__|_| |_|_| |_\__, | / / / /
 =========|_|==============|___/=/_/_/_/

 :: Spring Boot ::                (v3.3.3)

2026-09-08T19:38:58.475Z  INFO 42277 --- [marshellse-keys-store] [    Test worker] .u.m.MarshellseKeysStoreApplicationTests : Starting MarshellseKeysStoreApplicationTests using Java 17.0.16 with PID 42277 (started by vscode in /workspaces/marshellse-keys-store)
2026-09-08T19:38:58.479Z  INFO 42277 --- [marshellse-keys-store] [    Test worker] .u.m.MarshellseKeysStoreApplicationTests : No active profile set, falling back to 1 default profile: "default"
2026-09-08T19:38:59.859Z  INFO 42277 --- [marshellse-keys-store] [    Test worker] .s.d.r.c.RepositoryConfigurationDelegate : Bootstrapping Spring Data JPA repositories in DEFAULT mode.
2026-09-08T19:38:59.934Z  INFO 42277 --- [marshellse-keys-store] [    Test worker] .s.d.r.c.RepositoryConfigurationDelegate : Finished Spring Data repository scanning in 67 ms. Found 4 JPA repository interfaces.
2026-09-08T19:39:00.526Z  INFO 42277 --- [marshellse-keys-store] [    Test worker] o.hibernate.jpa.internal.util.LogHelper  : HHH000204: Processing PersistenceUnitInfo [name: default]
2026-09-08T19:39:00.608Z  INFO 42277 --- [marshellse-keys-store] [    Test worker] org.hibernate.Version                    : HHH000412: Hibernate ORM core version 6.5.2.Final
2026-09-08T19:39:00.651Z  INFO 42277 --- [marshellse-keys-store] [    Test worker] o.h.c.internal.RegionFactoryInitiator    : HHH000026: Second-level cache disabled
2026-09-08T19:39:01.008Z  INFO 42277 --- [marshellse-keys-store] [    Test worker] o.s.o.j.p.SpringPersistenceUnitInfo      : No LoadTimeWeaver setup: ignoring JPA class transformer
2026-09-08T19:39:01.040Z  INFO 42277 --- [marshellse-keys-store] [    Test worker] com.zaxxer.hikari.HikariDataSource       : HikariPool-1 - Starting...
2026-09-08T19:39:01.330Z  INFO 42277 --- [marshellse-keys-store] [    Test worker] com.zaxxer.hikari.pool.HikariPool        : HikariPool-1 - Added connection conn0: url=jdbc:h2:mem:keystore_db user=SA
2026-09-08T19:39:01.332Z  INFO 42277 --- [marshellse-keys-store] [    Test worker] com.zaxxer.hikari.HikariDataSource       : HikariPool-1 - Start completed.
2026-09-08T19:39:01.365Z  WARN 42277 --- [marshellse-keys-store] [    Test worker] org.hibernate.orm.deprecation            : HHH90000025: H2Dialect does not need to be specified explicitly using 'hibernate.dialect' (remove the property setting and it will be selected by default)
2026-09-08T19:39:02.639Z  INFO 42277 --- [marshellse-keys-store] [    Test worker] o.h.e.t.j.p.i.JtaPlatformInitiator       : HHH000489: No JTA platform available (set 'hibernate.transaction.jta.platform' to enable JTA platform integration)
2026-09-08T19:39:02.716Z  INFO 42277 --- [marshellse-keys-store] [    Test worker] j.LocalContainerEntityManagerFactoryBean : Initialized JPA EntityManagerFactory for persistence unit 'default'
2026-09-08T19:39:03.358Z  WARN 42277 --- [marshellse-keys-store] [    Test worker] JpaBaseConfiguration$JpaWebConfiguration : spring.jpa.open-in-view is enabled by default. Therefore, database queries may be performed during view rendering. Explicitly configure spring.jpa.open-in-view to disable this warning
2026-09-08T19:39:03.926Z  INFO 42277 --- [marshellse-keys-store] [    Test worker] .u.m.MarshellseKeysStoreApplicationTests : Started MarshellseKeysStoreApplicationTests in 5.864 seconds (process running for 7.635)
]]></system-out>
  <system-err><![CDATA[]]></system-err>
</testsuite>
