<?xml version="1.0" encoding="UTF-8"?>
<testsuite name="pe.edu.utp.marshellse_keys_store.controllers.WalletControllerTest" tests="12" skipped="0" failures="0" errors="0" timestamp="2026-09-08T19:39:06.386Z" hostname="codespaces-873abe" time="0.288">
  <properties/>
  <testcase name="recargar_Exito_AumentaSaldo()" classname="pe.edu.utp.marshellse_keys_store.controllers.WalletControllerTest" time="0.081"/>
  <testcase name="comprar_Fallo_UsuarioNoExiste()" classname="pe.edu.utp.marshellse_keys_store.controllers.WalletControllerTest" time="0.018"/>
  <testcase name="comprar_Fallo_JuegoSinStock()" classname="pe.edu.utp.marshellse_keys_store.controllers.WalletControllerTest" time="0.021"/>
  <testcase name="getUsuario_Exito_RetornaPerfil()" classname="pe.edu.utp.marshellse_keys_store.controllers.WalletControllerTest" time="0.007"/>
  <testcase name="getUsuario_Fallo_NoEncontrado()" classname="pe.edu.utp.marshellse_keys_store.controllers.WalletControllerTest" time="0.01"/>
  <testcase name="getHistorial_Exito_DespuesDeCompra()" classname="pe.edu.utp.marshellse_keys_store.controllers.WalletControllerTest" time="0.035"/>
  <testcase name="getUsuario_Validacion_IdInvalido()" classname="pe.edu.utp.marshellse_keys_store.controllers.WalletControllerTest" time="0.006"/>
  <testcase name="recargar_Validacion_SinMonto()" classname="pe.edu.utp.marshellse_keys_store.controllers.WalletControllerTest" time="0.008"/>
  <testcase name="getHistorial_Validacion_IdString()" classname="pe.edu.utp.marshellse_keys_store.controllers.WalletControllerTest" time="0.009"/>
  <testcase name="comprar_Exito_GeneraOrden()" classname="pe.edu.utp.marshellse_keys_store.controllers.WalletControllerTest" time="0.017"/>
  <testcase name="recargar_Fallo_UsuarioInexistente()" classname="pe.edu.utp.marshellse_keys_store.controllers.WalletControllerTest" time="0.007"/>
  <testcase name="getHistorial_Exito_VacioAlInicio()" classname="pe.edu.utp.marshellse_keys_store.controllers.WalletControllerTest" time="0.013"/>
  <system-out><![CDATA[2026-09-08T19:39:06.393Z  INFO 42277 --- [marshellse-keys-store] [    Test worker] t.c.s.AnnotationConfigContextLoaderUtils : Could not detect default configuration classes for test class [pe.edu.utp.marshellse_keys_store.controllers.WalletControllerTest]: WalletControllerTest does not declare any static, non-private, non-final, nested classes annotated with @Configuration.
2026-09-08T19:39:06.402Z  INFO 42277 --- [marshellse-keys-store] [    Test worker] .b.t.c.SpringBootTestContextBootstrapper : Found @SpringBootConfiguration pe.edu.utp.marshellse_keys_store.MarshellseKeysStoreApplication for test class pe.edu.utp.marshellse_keys_store.controllers.WalletControllerTest
2026-09-08T19:39:06.613Z  WARN 42277 --- [marshellse-keys-store] [    Test worker] .w.s.m.s.DefaultHandlerExceptionResolver : Resolved [org.springframework.web.method.annotation.MethodArgumentTypeMismatchException: Failed to convert value of type 'java.lang.String' to required type 'java.lang.Long'; For input string: "IDFalso"]
2026-09-08T19:39:06.622Z  WARN 42277 --- [marshellse-keys-store] [    Test worker] .w.s.m.s.DefaultHandlerExceptionResolver : Resolved [org.springframework.http.converter.HttpMessageNotReadableException: Required request body is missing: public org.springframework.http.ResponseEntity<pe.edu.utp.marshellse_keys_store.models.UsuarioGamer> pe.edu.utp.marshellse_keys_store.controllers.WalletController.recargarWallet(java.lang.Long,pe.edu.utp.marshellse_keys_store.models.RecargaRequest)]
2026-09-08T19:39:06.629Z  WARN 42277 --- [marshellse-keys-store] [    Test worker] .w.s.m.s.DefaultHandlerExceptionResolver : Resolved [org.springframework.web.method.annotation.MethodArgumentTypeMismatchException: Failed to convert value of type 'java.lang.String' to required type 'java.lang.Long'; For input string: "uno"]
]]></system-out>
  <system-err><![CDATA[]]></system-err>
</testsuite>
