<?xml version="1.0" encoding="UTF-8"?>
<testsuite name="pe.edu.utp.marshellse_keys_store.controllers.StoreControllerTest" tests="12" skipped="0" failures="0" errors="0" timestamp="2026-09-08T19:39:04.583Z" hostname="codespaces-873abe" time="1.8">
  <properties/>
  <testcase name="createJuego_Validacion_TipoIncorrecto()" classname="pe.edu.utp.marshellse_keys_store.controllers.StoreControllerTest" time="0.096"/>
  <testcase name="getKeys_Exito_RetornaLista()" classname="pe.edu.utp.marshellse_keys_store.controllers.StoreControllerTest" time="0.26"/>
  <testcase name="createJuego_Exito_Retorna200()" classname="pe.edu.utp.marshellse_keys_store.controllers.StoreControllerTest" time="0.091"/>
  <testcase name="getJuegos_Retorna200Ok()" classname="pe.edu.utp.marshellse_keys_store.controllers.StoreControllerTest" time="0.021"/>
  <testcase name="getJuegoById_Exito_RetornaJuego()" classname="pe.edu.utp.marshellse_keys_store.controllers.StoreControllerTest" time="0.025"/>
  <testcase name="getJuegos_ContieneDatosSemilla()" classname="pe.edu.utp.marshellse_keys_store.controllers.StoreControllerTest" time="0.032"/>
  <testcase name="getKeys_Exito_JuegoSinKeys()" classname="pe.edu.utp.marshellse_keys_store.controllers.StoreControllerTest" time="0.016"/>
  <testcase name="getJuegoById_Validacion_LetrasEnLugarDeId()" classname="pe.edu.utp.marshellse_keys_store.controllers.StoreControllerTest" time="0.018"/>
  <testcase name="getJuegoById_Fallo_Retorna404()" classname="pe.edu.utp.marshellse_keys_store.controllers.StoreControllerTest" time="0.049"/>
  <testcase name="getJuegos_FormatoEsJson()" classname="pe.edu.utp.marshellse_keys_store.controllers.StoreControllerTest" time="0.032"/>
  <testcase name="getKeys_Validacion_IdIncorrecto()" classname="pe.edu.utp.marshellse_keys_store.controllers.StoreControllerTest" time="0.014"/>
  <testcase name="createJuego_Validacion_CuerpoVacio()" classname="pe.edu.utp.marshellse_keys_store.controllers.StoreControllerTest" time="0.019"/>
  <system-out><![CDATA[2026-09-08T19:39:04.591Z  INFO 42277 --- [marshellse-keys-store] [    Test worker] t.c.s.AnnotationConfigContextLoaderUtils : Could not detect default configuration classes for test class [pe.edu.utp.marshellse_keys_store.controllers.StoreControllerTest]: StoreControllerTest does not declare any static, non-private, non-final, nested classes annotated with @Configuration.
2026-09-08T19:39:04.626Z  INFO 42277 --- [marshellse-keys-store] [    Test worker] .b.t.c.SpringBootTestContextBootstrapper : Found @SpringBootConfiguration pe.edu.utp.marshellse_keys_store.MarshellseKeysStoreApplication for test class pe.edu.utp.marshellse_keys_store.controllers.StoreControllerTest

  .   ____          _            __ _ _
 /\\ / ___'_ __ _ _(_)_ __  __ _ \ \ \ \
( ( )\___ | '_ | '_| | '_ \/ _` | \ \ \ \
 \\/  ___)| |_)| | | | | || (_| |  ) ) ) )
  '  |____| .__|_| |_|_| |_\__, | / / / /
 =========|_|==============|___/=/_/_/_/

 :: Spring Boot ::                (v3.3.3)

2026-09-08T19:39:04.704Z  INFO 42277 --- [marshellse-keys-store] [    Test worker] p.e.u.m.controllers.StoreControllerTest  : Starting StoreControllerTest using Java 17.0.16 with PID 42277 (started by vscode in /workspaces/marshellse-keys-store)
2026-09-08T19:39:04.705Z  INFO 42277 --- [marshellse-keys-store] [    Test worker] p.e.u.m.controllers.StoreControllerTest  : No active profile set, falling back to 1 default profile: "default"
2026-09-08T19:39:05.015Z  INFO 42277 --- [marshellse-keys-store] [    Test worker] .s.d.r.c.RepositoryConfigurationDelegate : Bootstrapping Spring Data JPA repositories in DEFAULT mode.
2026-09-08T19:39:05.041Z  INFO 42277 --- [marshellse-keys-store] [    Test worker] .s.d.r.c.RepositoryConfigurationDelegate : Finished Spring Data repository scanning in 22 ms. Found 4 JPA repository interfaces.
2026-09-08T19:39:05.157Z  INFO 42277 --- [marshellse-keys-store] [    Test worker] o.hibernate.jpa.internal.util.LogHelper  : HHH000204: Processing PersistenceUnitInfo [name: default]
2026-09-08T19:39:05.161Z  INFO 42277 --- [marshellse-keys-store] [    Test worker] o.h.c.internal.RegionFactoryInitiator    : HHH000026: Second-level cache disabled
2026-09-08T19:39:05.172Z  INFO 42277 --- [marshellse-keys-store] [    Test worker] o.s.o.j.p.SpringPersistenceUnitInfo      : No LoadTimeWeaver setup: ignoring JPA class transformer
2026-09-08T19:39:05.174Z  INFO 42277 --- [marshellse-keys-store] [    Test worker] com.zaxxer.hikari.HikariDataSource       : HikariPool-2 - Starting...
2026-09-08T19:39:05.175Z  INFO 42277 --- [marshellse-keys-store] [    Test worker] com.zaxxer.hikari.pool.HikariPool        : HikariPool-2 - Added connection conn10: url=jdbc:h2:mem:keystore_db user=SA
2026-09-08T19:39:05.176Z  INFO 42277 --- [marshellse-keys-store] [    Test worker] com.zaxxer.hikari.HikariDataSource       : HikariPool-2 - Start completed.
2026-09-08T19:39:05.177Z  WARN 42277 --- [marshellse-keys-store] [    Test worker] org.hibernate.orm.deprecation            : HHH90000025: H2Dialect does not need to be specified explicitly using 'hibernate.dialect' (remove the property setting and it will be selected by default)
2026-09-08T19:39:05.366Z  INFO 42277 --- [marshellse-keys-store] [    Test worker] o.h.e.t.j.p.i.JtaPlatformInitiator       : HHH000489: No JTA platform available (set 'hibernate.transaction.jta.platform' to enable JTA platform integration)
2026-09-08T19:39:05.370Z  INFO 42277 --- [marshellse-keys-store] [    Test worker] j.LocalContainerEntityManagerFactoryBean : Initialized JPA EntityManagerFactory for persistence unit 'default'
2026-09-08T19:39:05.502Z  WARN 42277 --- [marshellse-keys-store] [    Test worker] JpaBaseConfiguration$JpaWebConfiguration : spring.jpa.open-in-view is enabled by default. Therefore, database queries may be performed during view rendering. Explicitly configure spring.jpa.open-in-view to disable this warning
2026-09-08T19:39:05.641Z  INFO 42277 --- [marshellse-keys-store] [    Test worker] o.s.b.t.m.w.SpringBootMockServletContext : Initializing Spring TestDispatcherServlet ''
2026-09-08T19:39:05.642Z  INFO 42277 --- [marshellse-keys-store] [    Test worker] o.s.t.web.servlet.TestDispatcherServlet  : Initializing Servlet ''
2026-09-08T19:39:05.645Z  INFO 42277 --- [marshellse-keys-store] [    Test worker] o.s.t.web.servlet.TestDispatcherServlet  : Completed initialization in 0 ms
2026-09-08T19:39:05.662Z  INFO 42277 --- [marshellse-keys-store] [    Test worker] p.e.u.m.controllers.StoreControllerTest  : Started StoreControllerTest in 1.028 seconds (process running for 9.37)
2026-09-08T19:39:05.749Z  WARN 42277 --- [marshellse-keys-store] [    Test worker] .w.s.m.s.DefaultHandlerExceptionResolver : Resolved [org.springframework.web.HttpMediaTypeNotSupportedException: Content-Type 'text/plain;charset=UTF-8' is not supported]
2026-09-08T19:39:06.245Z  WARN 42277 --- [marshellse-keys-store] [    Test worker] .w.s.m.s.DefaultHandlerExceptionResolver : Resolved [org.springframework.web.method.annotation.MethodArgumentTypeMismatchException: Failed to convert value of type 'java.lang.String' to required type 'java.lang.Long'; For input string: "abc"]
2026-09-08T19:39:06.358Z  WARN 42277 --- [marshellse-keys-store] [    Test worker] .w.s.m.s.DefaultHandlerExceptionResolver : Resolved [org.springframework.web.method.annotation.MethodArgumentTypeMismatchException: Failed to convert value of type 'java.lang.String' to required type 'java.lang.Long'; For input string: "xyz"]
2026-09-08T19:39:06.373Z  WARN 42277 --- [marshellse-keys-store] [    Test worker] .w.s.m.s.DefaultHandlerExceptionResolver : Resolved [org.springframework.http.converter.HttpMessageNotReadableException: Required request body is missing: public pe.edu.utp.marshellse_keys_store.models.Videojuego pe.edu.utp.marshellse_keys_store.controllers.StoreController.createJuego(pe.edu.utp.marshellse_keys_store.models.Videojuego)]
]]></system-out>
  <system-err><![CDATA[]]></system-err>
</testsuite>
